<?xml version="1.0" encoding="UTF-8"?>
<testsuite xmlns:xsi="http://www.w3.org/2001/XMLSchema-instance" xsi:noNamespaceSchemaLocation="https://maven.apache.org/surefire/maven-surefire-plugin/xsd/surefire-test-report-3.0.xsd" version="3.0" name="com.example.fitnessbot.integration.TrainingDayServiceIntegrationTest" time="8.571" tests="2" errors="0" skipped="0" failures="0">
  <properties>
[...]
</properties>
  <testcase name="testProcessForwardedMessage" classname="com.example.fitnessbot.integration.TrainingDayServiceIntegrationTest" time="0.665">
    <system-out><![CDATA[Standard Commons Logging discovery in action with spring-jcl: please remove commons-logging.jar from classpath in order to avoid potential conflicts
22:44:49.265 [main] INFO org.springframework.test.context.support.AnnotationConfigContextLoaderUtils -- Could not detect default configuration classes for test class [com.example.fitnessbot.integration.TrainingDayServiceIntegrationTest]: TrainingDayServiceIntegrationTest does not declare any static, non-private, non-final, nested classes annotated with @Configuration.
22:44:49.334 [main] INFO org.springframework.boot.test.context.SpringBootTestContextBootstrapper -- Found @SpringBootConfiguration com.example.fitnessbot.FitnessBotApplication for test class com.example.fitnessbot.integration.TrainingDayServiceIntegrationTest
22:44:49.410 [main] INFO org.testcontainers.images.PullPolicy -- Image pull policy will be performed by: DefaultPullPolicy()
22:44:49.412 [main] INFO org.testcontainers.utility.ImageNameSubstitutor -- Image name substitution will be performed by: DefaultImageNameSubstitutor (composite of 'ConfigurationFileImageNameSubstitutor' and 'PrefixingImageNameSubstitutor')
22:44:49.562 [main] INFO org.testcontainers.dockerclient.DockerClientProviderStrategy -- Loaded org.testcontainers.dockerclient.UnixSocketClientProviderStrategy from ~/.testcontainers.properties, will try it first
22:44:49.961 [main] INFO org.testcontainers.dockerclient.DockerClientProviderStrategy -- Found Docker environment with local Unix socket (unix:///var/run/docker.sock)
22:44:49.962 [main] INFO org.testcontainers.DockerClientFactory -- Docker host IP address is localhost
22:44:49.983 [main] INFO org.testcontainers.DockerClientFactory -- Connected to docker: 
  Server Version: 24.0.5
  API Version: 1.43
  Operating System: Docker Desktop
  Total Memory: 7851 MB
22:44:50.044 [main] INFO tc.testcontainers/ryuk:0.6.0 -- Creating container for image: testcontainers/ryuk:0.6.0
22:44:50.843 [main] INFO org.testcontainers.utility.RegistryAuthLocator -- Credential helper/store (docker-credential-desktop) does not have credentials for https://index.docker.io/v1/
22:44:51.055 [main] INFO tc.testcontainers/ryuk:0.6.0 -- Container testcontainers/ryuk:0.6.0 is starting: 2613073d4c1a258edb9bcdc3dc0e2449b0920daec2a0332573e9354a243b4f64
22:44:51.959 [main] INFO tc.testcontainers/ryuk:0.6.0 -- Container testcontainers/ryuk:0.6.0 started in PT1.915298S
22:44:51.980 [main] INFO org.testcontainers.utility.RyukResourceReaper -- Ryuk started - will monitor and terminate Testcontainers containers on JVM exit
22:44:51.980 [main] INFO org.testcontainers.DockerClientFactory -- Checking the system...
22:44:51.980 [main] INFO org.testcontainers.DockerClientFactory -- ✔︎ Docker server version should be at least 1.6.0
22:44:51.981 [main] INFO tc.postgres:15 -- Creating container for image: postgres:15
22:44:52.013 [main] INFO tc.postgres:15 -- Container postgres:15 is starting: 2594ca685ff5648d02c952ada82065fa1fff2db16dc4dc34e4fc71ff683d447b
22:44:53.647 [main] INFO tc.postgres:15 -- Container postgres:15 started in PT1.666184S
22:44:53.649 [main] INFO tc.postgres:15 -- Container is started (JDBC URL: jdbc:postgresql://localhost:63827/fitness_bot_test?loggerLevel=OFF)

  .   ____          _            __ _ _
 /\\ / ___'_ __ _ _(_)_ __  __ _ \ \ \ \
( ( )\___ | '_ | '_| | '_ \/ _` | \ \ \ \
 \\/  ___)| |_)| | | | | || (_| |  ) ) ) )
  '  |____| .__|_| |_|_| |_\__, | / / / /
 =========|_|==============|___/=/_/_/_/
 :: Spring Boot ::                (v3.2.5)

2026-01-18T22:44:53.832+01:00  INFO 54898 --- [           main] .e.f.i.TrainingDayServiceIntegrationTest : Starting TrainingDayServiceIntegrationTest using Java 25.0.1 with PID 54898 (started by levzilberman in /Users/levzilberman/fitness)
2026-01-18T22:44:53.833+01:00  INFO 54898 --- [           main] .e.f.i.TrainingDayServiceIntegrationTest : No active profile set, falling back to 1 default profile: "default"
2026-01-18T22:44:54.228+01:00  INFO 54898 --- [           main] .s.d.r.c.RepositoryConfigurationDelegate : Multiple Spring Data modules found, entering strict repository configuration mode
2026-01-18T22:44:54.229+01:00  INFO 54898 --- [           main] .s.d.r.c.RepositoryConfigurationDelegate : Bootstrapping Spring Data JPA repositories in DEFAULT mode.
2026-01-18T22:44:54.325+01:00  INFO 54898 --- [           main] .s.d.r.c.RepositoryConfigurationDelegate : Finished Spring Data repository scanning in 89 ms. Found 3 JPA repository interfaces.
2026-01-18T22:44:54.338+01:00  INFO 54898 --- [           main] .s.d.r.c.RepositoryConfigurationDelegate : Multiple Spring Data modules found, entering strict repository configuration mode
2026-01-18T22:44:54.339+01:00  INFO 54898 --- [           main] .s.d.r.c.RepositoryConfigurationDelegate : Bootstrapping Spring Data Redis repositories in DEFAULT mode.
2026-01-18T22:44:54.346+01:00  INFO 54898 --- [           main] .RepositoryConfigurationExtensionSupport : Spring Data Redis - Could not safely identify store assignment for repository candidate interface com.example.fitnessbot.repository.ExerciseRepository; If you want this repository to be a Redis repository, consider annotating your entities with one of these annotations: org.springframework.data.redis.core.RedisHash (preferred), or consider extending one of the following types with your repository: org.springframework.data.keyvalue.repository.KeyValueRepository
2026-01-18T22:44:54.346+01:00  INFO 54898 --- [           main] .RepositoryConfigurationExtensionSupport : Spring Data Redis - Could not safely identify store assignment for repository candidate interface com.example.fitnessbot.repository.TrainingDayRepository; If you want this repository to be a Redis repository, consider annotating your entities with one of these annotations: org.springframework.data.redis.core.RedisHash (preferred), or consider extending one of the following types with your repository: org.springframework.data.keyvalue.repository.KeyValueRepository
2026-01-18T22:44:54.347+01:00  INFO 54898 --- [           main] .RepositoryConfigurationExtensionSupport : Spring Data Redis - Could not safely identify store assignment for repository candidate interface com.example.fitnessbot.repository.UserRepository; If you want this repository to be a Redis repository, consider annotating your entities with one of these annotations: org.springframework.data.redis.core.RedisHash (preferred), or consider extending one of the following types with your repository: org.springframework.data.keyvalue.repository.KeyValueRepository
2026-01-18T22:44:54.347+01:00  INFO 54898 --- [           main] .s.d.r.c.RepositoryConfigurationDelegate : Finished Spring Data repository scanning in 3 ms. Found 0 Redis repository interfaces.
2026-01-18T22:44:54.565+01:00  INFO 54898 --- [           main] com.zaxxer.hikari.HikariDataSource       : HikariPool-1 - Starting...
2026-01-18T22:44:54.725+01:00  INFO 54898 --- [           main] com.zaxxer.hikari.pool.HikariPool        : HikariPool-1 - Added connection org.postgresql.jdbc.PgConnection@182e4365
2026-01-18T22:44:54.726+01:00  INFO 54898 --- [           main] com.zaxxer.hikari.HikariDataSource       : HikariPool-1 - Start completed.
2026-01-18T22:44:54.872+01:00  INFO 54898 --- [           main] liquibase.database                       : Set default schema name to public
2026-01-18T22:44:55.043+01:00  INFO 54898 --- [           main] liquibase.changelog                      : Creating database history table with name: public.databasechangelog
2026-01-18T22:44:55.074+01:00  INFO 54898 --- [           main] liquibase.changelog                      : Reading from public.databasechangelog
2026-01-18T22:44:55.158+01:00  INFO 54898 --- [           main] liquibase.lockservice                    : Successfully acquired change log lock
2026-01-18T22:44:55.160+01:00  INFO 54898 --- [           main] liquibase.command                        : Using deploymentId: 8772695159
2026-01-18T22:44:55.161+01:00  INFO 54898 --- [           main] liquibase.changelog                      : Reading from public.databasechangelog
Running Changeset: db/changelog/001-create-users-table.yaml::001-create-users-table::developer
2026-01-18T22:44:55.192+01:00  INFO 54898 --- [           main] liquibase.changelog                      : Table users created
2026-01-18T22:44:55.193+01:00  INFO 54898 --- [           main] liquibase.changelog                      : ChangeSet db/changelog/001-create-users-table.yaml::001-create-users-table::developer ran successfully in 19ms
Running Changeset: db/changelog/002-create-training-days-table.yaml::002-create-training-days-table::developer
2026-01-18T22:44:55.210+01:00  INFO 54898 --- [           main] liquibase.changelog                      : Table training_days created
2026-01-18T22:44:55.211+01:00  INFO 54898 --- [           main] liquibase.changelog                      : ChangeSet db/changelog/002-create-training-days-table.yaml::002-create-training-days-table::developer ran successfully in 12ms
Running Changeset: db/changelog/003-create-exercises-table.yaml::003-create-exercises-table::developer
2026-01-18T22:44:55.221+01:00  INFO 54898 --- [           main] liquibase.changelog                      : Table exercises created
2026-01-18T22:44:55.222+01:00  INFO 54898 --- [           main] liquibase.changelog                      : ChangeSet db/changelog/003-create-exercises-table.yaml::003-create-exercises-table::developer ran successfully in 6ms
Running Changeset: db/changelog/004-create-exercise-videos-table.yaml::004-create-exercise-videos-table::developer
2026-01-18T22:44:55.234+01:00  INFO 54898 --- [           main] liquibase.changelog                      : Table exercise_videos created
2026-01-18T22:44:55.235+01:00  INFO 54898 --- [           main] liquibase.changelog                      : ChangeSet db/changelog/004-create-exercise-videos-table.yaml::004-create-exercise-videos-table::developer ran successfully in 5ms
2026-01-18T22:44:55.240+01:00  INFO 54898 --- [           main] liquibase.util                           : UPDATE SUMMARY
2026-01-18T22:44:55.240+01:00  INFO 54898 --- [           main] liquibase.util                           : Run:                          4
2026-01-18T22:44:55.240+01:00  INFO 54898 --- [           main] liquibase.util                           : Previously run:               0
2026-01-18T22:44:55.240+01:00  INFO 54898 --- [           main] liquibase.util                           : Filtered out:                 0
2026-01-18T22:44:55.240+01:00  INFO 54898 --- [           main] liquibase.util                           : -------------------------------
2026-01-18T22:44:55.240+01:00  INFO 54898 --- [           main] liquibase.util                           : Total change sets:            4
2026-01-18T22:44:55.240+01:00  INFO 54898 --- [           main] liquibase.util                           : Update summary generated
2026-01-18T22:44:55.241+01:00  INFO 54898 --- [           main] liquibase.command                        : Update command completed successfully.
Liquibase: Update has been successful. Rows affected: 4
2026-01-18T22:44:55.245+01:00  INFO 54898 --- [           main] liquibase.lockservice                    : Successfully released change log lock
2026-01-18T22:44:55.245+01:00  INFO 54898 --- [           main] liquibase.command                        : Command execution complete
2026-01-18T22:44:55.300+01:00  INFO 54898 --- [           main] o.hibernate.jpa.internal.util.LogHelper  : HHH000204: Processing PersistenceUnitInfo [name: default]
2026-01-18T22:44:55.337+01:00  INFO 54898 --- [           main] org.hibernate.Version                    : HHH000412: Hibernate ORM core version 6.4.4.Final
2026-01-18T22:44:55.359+01:00  INFO 54898 --- [           main] o.h.c.internal.RegionFactoryInitiator    : HHH000026: Second-level cache disabled
2026-01-18T22:44:55.484+01:00  INFO 54898 --- [           main] o.s.o.j.p.SpringPersistenceUnitInfo      : No LoadTimeWeaver setup: ignoring JPA class transformer
2026-01-18T22:44:55.510+01:00  WARN 54898 --- [           main] org.hibernate.orm.deprecation            : HHH90000025: PostgreSQLDialect does not need to be specified explicitly using 'hibernate.dialect' (remove the property setting and it will be selected by default)
2026-01-18T22:44:56.035+01:00  INFO 54898 --- [           main] o.h.e.t.j.p.i.JtaPlatformInitiator       : HHH000489: No JTA platform available (set 'hibernate.transaction.jta.platform' to enable JTA platform integration)
2026-01-18T22:44:56.086+01:00  INFO 54898 --- [           main] j.LocalContainerEntityManagerFactoryBean : Initialized JPA EntityManagerFactory for persistence unit 'default'
2026-01-18T22:44:56.362+01:00  WARN 54898 --- [           main] JpaBaseConfiguration$JpaWebConfiguration : spring.jpa.open-in-view is enabled by default. Therefore, database queries may be performed during view rendering. Explicitly configure spring.jpa.open-in-view to disable this warning
2026-01-18T22:44:56.709+01:00  INFO 54898 --- [           main] .e.f.i.TrainingDayServiceIntegrationTest : Started TrainingDayServiceIntegrationTest in 3.032 seconds (process running for 8.128)
Hibernate: 
    insert 
    into
        users
        (created_at, name, telegram_id, weight_kg) 
    values
        (?, ?, ?, ?)
Hibernate: 
    select
        u1_0.id,
        u1_0.created_at,
        u1_0.name,
        u1_0.telegram_id,
        u1_0.weight_kg 
    from
        users u1_0 
    where
        u1_0.telegram_id=?
Hibernate: 
    insert 
    into
        training_days
        (created_at, raw_text, title, user_id) 
    values
        (?, ?, ?, ?)
Hibernate: 
    insert 
    into
        exercises
        (last_weight_kg, name, notes, position, reps_or_duration, section, sets, training_day_id) 
    values
        (?, ?, ?, ?, ?, ?, ?, ?)
Hibernate: 
    insert 
    into
        exercises
        (last_weight_kg, name, notes, position, reps_or_duration, section, sets, training_day_id) 
    values
        (?, ?, ?, ?, ?, ?, ?, ?)
Hibernate: 
    insert 
    into
        exercises
        (last_weight_kg, name, notes, position, reps_or_duration, section, sets, training_day_id) 
    values
        (?, ?, ?, ?, ?, ?, ?, ?)
Hibernate: 
    insert 
    into
        exercises
        (last_weight_kg, name, notes, position, reps_or_duration, section, sets, training_day_id) 
    values
        (?, ?, ?, ?, ?, ?, ?, ?)
Hibernate: 
    insert 
    into
        exercise_videos
        (exercise_id, video_url) 
    values
        (?, ?)
Hibernate: 
    insert 
    into
        exercise_videos
        (exercise_id, video_url) 
    values
        (?, ?)
]]></system-out>
    <system-err><![CDATA[WARNING: A Java agent has been loaded dynamically (/Users/levzilberman/.m2/repository/net/bytebuddy/byte-buddy-agent/1.14.13/byte-buddy-agent-1.14.13.jar)
WARNING: If a serviceability tool is in use, please run with -XX:+EnableDynamicAgentLoading to hide this warning
WARNING: If a serviceability tool is not in use, please run with -Djdk.instrument.traceUsage for more information
WARNING: Dynamic loading of agents will be disallowed by default in a future release
]]></system-err>
  </testcase>
  <testcase name="testDatabaseConnection" classname="com.example.fitnessbot.integration.TrainingDayServiceIntegrationTest" time="0.037">
    <system-out><![CDATA[Hibernate: 
    insert 
    into
        users
        (created_at, name, telegram_id, weight_kg) 
    values
        (?, ?, ?, ?)
Hibernate: 
    select
        u1_0.id,
        u1_0.created_at,
        u1_0.name,
        u1_0.telegram_id,
        u1_0.weight_kg 
    from
        users u1_0 
    where
        u1_0.id=?
]]></system-out>
  </testcase>
</testsuite>