<?xml version="1.0" encoding="UTF-8"?>
<testsuite xmlns:xsi="http://www.w3.org/2001/XMLSchema-instance" xsi:noNamespaceSchemaLocation="https://maven.apache.org/surefire/maven-surefire-plugin/xsd/surefire-test-report-3.0.xsd" version="3.0" name="com.example.fitnessbot.integration.DatabaseIntegrationTest" time="1.747" tests="1" errors="0" skipped="0" failures="0">
  <properties>
[...]
</properties>
  <testcase name="testDatabaseConnectionAndUserRepository" classname="com.example.fitnessbot.integration.DatabaseIntegrationTest" time="0.011">
    <system-out><![CDATA[2026-01-24T21:45:04.867+01:00  INFO 98357 --- [           main] t.c.s.AnnotationConfigContextLoaderUtils : Could not detect default configuration classes for test class [com.example.fitnessbot.integration.DatabaseIntegrationTest]: DatabaseIntegrationTest does not declare any static, non-private, non-final, nested classes annotated with @Configuration.
2026-01-24T21:45:04.869+01:00  INFO 98357 --- [           main] .b.t.c.SpringBootTestContextBootstrapper : Found @SpringBootConfiguration com.example.fitnessbot.FitnessBotApplication for test class com.example.fitnessbot.integration.DatabaseIntegrationTest
2026-01-24T21:45:04.870+01:00  INFO 98357 --- [           main] tc.postgres:15                           : Creating container for image: postgres:15
2026-01-24T21:45:04.908+01:00  INFO 98357 --- [           main] tc.postgres:15                           : Container postgres:15 is starting: 998299e847f12fd09cea04414bc1b35e6c62dc973906c0fb5a42f31acc00c8d0
2026-01-24T21:45:05.824+01:00  INFO 98357 --- [           main] tc.postgres:15                           : Container postgres:15 started in PT0.953961S
2026-01-24T21:45:05.824+01:00  INFO 98357 --- [           main] tc.postgres:15                           : Container is started (JDBC URL: jdbc:postgresql://localhost:64367/fitness_bot_test?loggerLevel=OFF)

  .   ____          _            __ _ _
 /\\ / ___'_ __ _ _(_)_ __  __ _ \ \ \ \
( ( )\___ | '_ | '_| | '_ \/ _` | \ \ \ \
 \\/  ___)| |_)| | | | | || (_| |  ) ) ) )
  '  |____| .__|_| |_|_| |_\__, | / / / /
 =========|_|==============|___/=/_/_/_/
 :: Spring Boot ::                (v3.2.5)

2026-01-24T21:45:05.840+01:00  INFO 98357 --- [           main] c.e.f.i.DatabaseIntegrationTest          : Starting DatabaseIntegrationTest using Java 25.0.1 with PID 98357 (started by levzilberman in /Users/levzilberman/fitness)
2026-01-24T21:45:05.840+01:00  INFO 98357 --- [           main] c.e.f.i.DatabaseIntegrationTest          : No active profile set, falling back to 1 default profile: "default"
2026-01-24T21:45:05.945+01:00  INFO 98357 --- [           main] .s.d.r.c.RepositoryConfigurationDelegate : Multiple Spring Data modules found, entering strict repository configuration mode
2026-01-24T21:45:05.945+01:00  INFO 98357 --- [           main] .s.d.r.c.RepositoryConfigurationDelegate : Bootstrapping Spring Data JPA repositories in DEFAULT mode.
2026-01-24T21:45:05.950+01:00  INFO 98357 --- [           main] .s.d.r.c.RepositoryConfigurationDelegate : Finished Spring Data repository scanning in 4 ms. Found 3 JPA repository interfaces.
2026-01-24T21:45:05.951+01:00  INFO 98357 --- [           main] .s.d.r.c.RepositoryConfigurationDelegate : Multiple Spring Data modules found, entering strict repository configuration mode
2026-01-24T21:45:05.951+01:00  INFO 98357 --- [           main] .s.d.r.c.RepositoryConfigurationDelegate : Bootstrapping Spring Data Redis repositories in DEFAULT mode.
2026-01-24T21:45:05.952+01:00  INFO 98357 --- [           main] .RepositoryConfigurationExtensionSupport : Spring Data Redis - Could not safely identify store assignment for repository candidate interface com.example.fitnessbot.repository.ExerciseRepository; If you want this repository to be a Redis repository, consider annotating your entities with one of these annotations: org.springframework.data.redis.core.RedisHash (preferred), or consider extending one of the following types with your repository: org.springframework.data.keyvalue.repository.KeyValueRepository
2026-01-24T21:45:05.953+01:00  INFO 98357 --- [           main] .RepositoryConfigurationExtensionSupport : Spring Data Redis - Could not safely identify store assignment for repository candidate interface com.example.fitnessbot.repository.TrainingDayRepository; If you want this repository to be a Redis repository, consider annotating your entities with one of these annotations: org.springframework.data.redis.core.RedisHash (preferred), or consider extending one of the following types with your repository: org.springframework.data.keyvalue.repository.KeyValueRepository
2026-01-24T21:45:05.953+01:00  INFO 98357 --- [           main] .RepositoryConfigurationExtensionSupport : Spring Data Redis - Could not safely identify store assignment for repository candidate interface com.example.fitnessbot.repository.UserRepository; If you want this repository to be a Redis repository, consider annotating your entities with one of these annotations: org.springframework.data.redis.core.RedisHash (preferred), or consider extending one of the following types with your repository: org.springframework.data.keyvalue.repository.KeyValueRepository
2026-01-24T21:45:05.953+01:00  INFO 98357 --- [           main] .s.d.r.c.RepositoryConfigurationDelegate : Finished Spring Data repository scanning in 1 ms. Found 0 Redis repository interfaces.
2026-01-24T21:45:05.988+01:00  INFO 98357 --- [           main] com.zaxxer.hikari.HikariDataSource       : HikariPool-2 - Starting...
2026-01-24T21:45:06.012+01:00  INFO 98357 --- [           main] com.zaxxer.hikari.pool.HikariPool        : HikariPool-2 - Added connection org.postgresql.jdbc.PgConnection@5fbd0979
2026-01-24T21:45:06.012+01:00  INFO 98357 --- [           main] com.zaxxer.hikari.HikariDataSource       : HikariPool-2 - Start completed.
2026-01-24T21:45:06.018+01:00  INFO 98357 --- [           main] liquibase.database                       : Set default schema name to public
2026-01-24T21:45:06.046+01:00  INFO 98357 --- [           main] liquibase.changelog                      : Creating database history table with name: public.databasechangelog
2026-01-24T21:45:06.050+01:00  INFO 98357 --- [           main] liquibase.changelog                      : Reading from public.databasechangelog
2026-01-24T21:45:06.068+01:00  INFO 98357 --- [           main] liquibase.lockservice                    : Successfully acquired change log lock
2026-01-24T21:45:06.069+01:00  INFO 98357 --- [           main] liquibase.command                        : Using deploymentId: 9287506068
2026-01-24T21:45:06.069+01:00  INFO 98357 --- [           main] liquibase.changelog                      : Reading from public.databasechangelog
Running Changeset: db/changelog/001-create-users-table.yaml::001-create-users-table::developer
2026-01-24T21:45:06.076+01:00  INFO 98357 --- [           main] liquibase.changelog                      : Table users created
2026-01-24T21:45:06.077+01:00  INFO 98357 --- [           main] liquibase.changelog                      : ChangeSet db/changelog/001-create-users-table.yaml::001-create-users-table::developer ran successfully in 4ms
Running Changeset: db/changelog/002-create-training-days-table.yaml::002-create-training-days-table::developer
2026-01-24T21:45:06.084+01:00  INFO 98357 --- [           main] liquibase.changelog                      : Table training_days created
2026-01-24T21:45:06.085+01:00  INFO 98357 --- [           main] liquibase.changelog                      : ChangeSet db/changelog/002-create-training-days-table.yaml::002-create-training-days-table::developer ran successfully in 3ms
Running Changeset: db/changelog/003-create-exercises-table.yaml::003-create-exercises-table::developer
2026-01-24T21:45:06.090+01:00  INFO 98357 --- [           main] liquibase.changelog                      : Table exercises created
2026-01-24T21:45:06.091+01:00  INFO 98357 --- [           main] liquibase.changelog                      : ChangeSet db/changelog/003-create-exercises-table.yaml::003-create-exercises-table::developer ran successfully in 4ms
Running Changeset: db/changelog/004-create-exercise-videos-table.yaml::004-create-exercise-videos-table::developer
2026-01-24T21:45:06.095+01:00  INFO 98357 --- [           main] liquibase.changelog                      : Table exercise_videos created
2026-01-24T21:45:06.096+01:00  INFO 98357 --- [           main] liquibase.changelog                      : ChangeSet db/changelog/004-create-exercise-videos-table.yaml::004-create-exercise-videos-table::developer ran successfully in 3ms
2026-01-24T21:45:06.098+01:00  INFO 98357 --- [           main] liquibase.util                           : UPDATE SUMMARY
2026-01-24T21:45:06.098+01:00  INFO 98357 --- [           main] liquibase.util                           : Run:                          4
2026-01-24T21:45:06.098+01:00  INFO 98357 --- [           main] liquibase.util                           : Previously run:               0
2026-01-24T21:45:06.098+01:00  INFO 98357 --- [           main] liquibase.util                           : Filtered out:                 0
2026-01-24T21:45:06.098+01:00  INFO 98357 --- [           main] liquibase.util                           : -------------------------------
2026-01-24T21:45:06.098+01:00  INFO 98357 --- [           main] liquibase.util                           : Total change sets:            4
2026-01-24T21:45:06.098+01:00  INFO 98357 --- [           main] liquibase.util                           : Update summary generated
2026-01-24T21:45:06.098+01:00  INFO 98357 --- [           main] liquibase.command                        : Update command completed successfully.
Liquibase: Update has been successful. Rows affected: 4
2026-01-24T21:45:06.100+01:00  INFO 98357 --- [           main] liquibase.lockservice                    : Successfully released change log lock
2026-01-24T21:45:06.101+01:00  INFO 98357 --- [           main] liquibase.command                        : Command execution complete
2026-01-24T21:45:06.113+01:00  INFO 98357 --- [           main] o.hibernate.jpa.internal.util.LogHelper  : HHH000204: Processing PersistenceUnitInfo [name: default]
2026-01-24T21:45:06.114+01:00  INFO 98357 --- [           main] o.h.c.internal.RegionFactoryInitiator    : HHH000026: Second-level cache disabled
2026-01-24T21:45:06.116+01:00  INFO 98357 --- [           main] o.s.o.j.p.SpringPersistenceUnitInfo      : No LoadTimeWeaver setup: ignoring JPA class transformer
2026-01-24T21:45:06.117+01:00  WARN 98357 --- [           main] org.hibernate.orm.deprecation            : HHH90000025: PostgreSQLDialect does not need to be specified explicitly using 'hibernate.dialect' (remove the property setting and it will be selected by default)
2026-01-24T21:45:06.171+01:00  INFO 98357 --- [           main] o.h.e.t.j.p.i.JtaPlatformInitiator       : HHH000489: No JTA platform available (set 'hibernate.transaction.jta.platform' to enable JTA platform integration)
2026-01-24T21:45:06.177+01:00  INFO 98357 --- [           main] j.LocalContainerEntityManagerFactoryBean : Initialized JPA EntityManagerFactory for persistence unit 'default'
2026-01-24T21:45:06.240+01:00  WARN 98357 --- [           main] JpaBaseConfiguration$JpaWebConfiguration : spring.jpa.open-in-view is enabled by default. Therefore, database queries may be performed during view rendering. Explicitly configure spring.jpa.open-in-view to disable this warning
2026-01-24T21:45:06.442+01:00  INFO 98357 --- [           main] o.s.b.a.e.web.EndpointLinksResolver      : Exposing 1 endpoint(s) beneath base path '/actuator'
2026-01-24T21:45:06.452+01:00  INFO 98357 --- [           main] c.e.f.i.DatabaseIntegrationTest          : Started DatabaseIntegrationTest in 0.624 seconds (process running for 8.144)
Hibernate: 
    insert 
    into
        users
        (created_at, name, telegram_id, weight_kg) 
    values
        (?, ?, ?, ?)
Hibernate: 
    select
        u1_0.id,
        u1_0.created_at,
        u1_0.name,
        u1_0.telegram_id,
        u1_0.weight_kg 
    from
        users u1_0 
    where
        u1_0.telegram_id=?
]]></system-out>
  </testcase>
</testsuite>